<?xml version="1.0" encoding="utf-8"?><testsuites name="pytest tests"><testsuite name="pytest" errors="0" failures="1" skipped="0" tests="34" time="8.565" timestamp="2026-04-30T21:27:32.143410+00:00" hostname="agent-env-0dd992b0-5e5f-4d64-81b7-4b54364f70d6"><testcase classname="backend.tests.test_boxradar_flows.TestAuth" name="test_register_new_user" time="0.384"><failure message="AssertionError: assert ('token' in {'token': 'eyJhbGciOiJIUzI1NiIsInR5cCI6IkpXVCJ9.eyJzdWIiOiIzNGY1NmU1NC1mYzY1LTQ3MzItYWNjZi03ZjJjYjQ1OWYwNjAiLCJlbWFpbCI6InRlc3RfMDI1MTUzNmJlMkBib3hyYWRhci5hcHAiLCJleHAiOjE3ODAxNzY0NTIsInR5cGUiOiJhY2Nlc3MifQ.YJlb2SsgKOSPk6rjv7RLbaiJ2Iocat-zHRbhOFcfIWs', 'user': {'avatar_url': None, 'bio': '', 'created_at': '2026-04-30T21:27:32.703855Z', 'email': 'test_0251536be2@boxradar.app', ...}} and 'test_0251536be2@boxradar.app' == 'TEST_0251536be2@boxradar.app'&#10;  &#10;  - TEST_0251536be2@boxradar.app&#10;  ? ^^^^&#10;  + test_0251536be2@boxradar.app&#10;  ? ^^^^)">backend/tests/test_boxradar_flows.py:57: in test_register_new_user
    assert "token" in body and body["user"]["email"] == email
E   AssertionError: assert ('token' in {'token': 'eyJhbGciOiJIUzI1NiIsInR5cCI6IkpXVCJ9.eyJzdWIiOiIzNGY1NmU1NC1mYzY1LTQ3MzItYWNjZi03ZjJjYjQ1OWYwNjAiLCJlbWFpbCI6InRlc3RfMDI1MTUzNmJlMkBib3hyYWRhci5hcHAiLCJleHAiOjE3ODAxNzY0NTIsInR5cGUiOiJhY2Nlc3MifQ.YJlb2SsgKOSPk6rjv7RLbaiJ2Iocat-zHRbhOFcfIWs', 'user': {'avatar_url': None, 'bio': '', 'created_at': '2026-04-30T21:27:32.703855Z', 'email': 'test_0251536be2@boxradar.app', ...}} and 'test_0251536be2@boxradar.app' == 'TEST_0251536be2@boxradar.app'
E     
E     - TEST_0251536be2@boxradar.app
E     ? ^^^^
E     + test_0251536be2@boxradar.app
E     ? ^^^^)</failure></testcase><testcase classname="backend.tests.test_boxradar_flows.TestAuth" name="test_register_duplicate_email" time="0.157" /><testcase classname="backend.tests.test_boxradar_flows.TestAuth" name="test_login_demo_users" time="1.398" /><testcase classname="backend.tests.test_boxradar_flows.TestAuth" name="test_login_bad_password" time="0.362" /><testcase classname="backend.tests.test_boxradar_flows.TestAuth" name="test_me_with_token" time="0.461" /><testcase classname="backend.tests.test_boxradar_flows.TestAuth" name="test_me_without_token" time="0.161" /><testcase classname="backend.tests.test_boxradar_flows.TestAuth" name="test_me_invalid_token" time="0.152" /><testcase classname="backend.tests.test_boxradar_flows.TestListings" name="test_list_all" time="0.272" /><testcase classname="backend.tests.test_boxradar_flows.TestListings" name="test_filter_by_type_trip" time="0.108" /><testcase classname="backend.tests.test_boxradar_flows.TestListings" name="test_filter_by_origin" time="0.126" /><testcase classname="backend.tests.test_boxradar_flows.TestListings" name="test_filter_by_destination" time="0.124" /><testcase classname="backend.tests.test_boxradar_flows.TestListings" name="test_filter_max_weight" time="0.109" /><testcase classname="backend.tests.test_boxradar_flows.TestListings" name="test_get_listing_by_id" time="0.246" /><testcase classname="backend.tests.test_boxradar_flows.TestListings" name="test_get_listing_not_found" time="0.149" /><testcase classname="backend.tests.test_boxradar_flows.TestListings" name="test_create_listing_auth_required" time="0.108" /><testcase classname="backend.tests.test_boxradar_flows.TestListings" name="test_create_listing_authed" time="0.567" /><testcase classname="backend.tests.test_boxradar_flows.TestOfferAndDeliveryFlow" name="test_make_offer_creates_conversation" time="0.261" /><testcase classname="backend.tests.test_boxradar_flows.TestOfferAndDeliveryFlow" name="test_offer_on_own_listing_forbidden" time="0.181" /><testcase classname="backend.tests.test_boxradar_flows.TestOfferAndDeliveryFlow" name="test_list_conversations_for_aminata" time="0.119" /><testcase classname="backend.tests.test_boxradar_flows.TestOfferAndDeliveryFlow" name="test_get_conversation_detail" time="0.128" /><testcase classname="backend.tests.test_boxradar_flows.TestOfferAndDeliveryFlow" name="test_post_message" time="0.111" /><testcase classname="backend.tests.test_boxradar_flows.TestOfferAndDeliveryFlow" name="test_non_owner_cannot_accept" time="0.138" /><testcase classname="backend.tests.test_boxradar_flows.TestOfferAndDeliveryFlow" name="test_owner_accepts_offer" time="0.134" /><testcase classname="backend.tests.test_boxradar_flows.TestOfferAndDeliveryFlow" name="test_traveler_cannot_see_code_in_transit" time="0.119" /><testcase classname="backend.tests.test_boxradar_flows.TestOfferAndDeliveryFlow" name="test_sender_can_see_code" time="0.129" /><testcase classname="backend.tests.test_boxradar_flows.TestOfferAndDeliveryFlow" name="test_non_traveler_cannot_validate" time="0.113" /><testcase classname="backend.tests.test_boxradar_flows.TestOfferAndDeliveryFlow" name="test_validate_wrong_code" time="0.110" /><testcase classname="backend.tests.test_boxradar_flows.TestOfferAndDeliveryFlow" name="test_validate_correct_code" time="0.247" /><testcase classname="backend.tests.test_boxradar_flows.TestOfferAndDeliveryFlow" name="test_validate_already_delivered" time="0.116" /><testcase classname="backend.tests.test_boxradar_flows.TestOfferAndDeliveryFlow" name="test_review_after_delivery" time="0.228" /><testcase classname="backend.tests.test_boxradar_flows.TestOfferAndDeliveryFlow" name="test_duplicate_review_blocked" time="0.103" /><testcase classname="backend.tests.test_boxradar_flows.TestRejectOffer" name="test_reject_offer_flow" time="0.953" /><testcase classname="backend.tests.test_boxradar_flows.TestPublicUser" name="test_public_user_no_email" time="0.120" /><testcase classname="backend.tests.test_boxradar_flows.TestPublicUser" name="test_public_user_not_found" time="0.115" /></testsuite></testsuites>